<?xml version="1.0" encoding="utf-8"?><testsuites name="pytest tests"><testsuite name="pytest" errors="0" failures="0" skipped="0" tests="3" time="36.799" timestamp="2026-09-14T00:28:52.056287-07:00" hostname="Abe_Computer"><testcase classname="tests.test_equivalence" name="test_everything_up_to_the_projection_is_bit_identical" time="13.627" /><testcase classname="tests.test_equivalence" name="test_the_projection_selects_a_different_degenerate_branch" time="14.503" /><testcase classname="tests.test_equivalence" name="test_no_stage_is_skipped_in_the_consolidated_arm" time="8.358" /></testsuite></testsuites>