<?xml version="1.0" encoding="utf-8"?><testsuites name="pytest tests"><testsuite name="pytest" errors="0" failures="0" skipped="0" tests="16" time="257.551" timestamp="2026-09-13T00:29:15.048122-07:00" hostname="Abe_Computer"><testcase classname="tests.test_amber" name="test_forcefield_is_really_ff14sb_gbn2" time="10.050" /><testcase classname="tests.test_amber" name="test_solvation_dominates_the_force_evaluation" time="7.215" /><testcase classname="tests.test_amber" name="test_reference_1a13_native_interaction_bit_exact" time="7.129" /><testcase classname="tests.test_amber" name="test_refine_coords_matches_shipped_implementation_exactly" time="95.402" /><testcase classname="tests.test_amber" name="test_sidechain_builder_matches_for_all_twenty_residues" time="0.006" /><testcase classname="tests.test_amber" name="test_topology_and_parameters_are_identical" time="0.010" /><testcase classname="tests.test_amber" name="test_memo_is_exact_and_reports_its_own_wall" time="18.761" /><testcase classname="tests.test_amber" name="test_builder_cache_is_bounded_and_tears_contexts_down" time="2.331" /><testcase classname="tests.test_amber" name="test_refine_many_is_bit_identical_to_serial" time="82.953" /><testcase classname="tests.test_amber" name="test_plan_workers_respects_cores_and_memory" time="0.001" /><testcase classname="tests.test_amber" name="test_same_input_gives_bit_identical_output" time="17.507" /><testcase classname="tests.test_amber" name="test_threading_is_a_different_experiment_not_a_faster_one" time="15.475" /><testcase classname="tests.test_amber" name="test_budget_classes_have_exactly_one_definition" time="0.009" /><testcase classname="tests.test_amber" name="test_memory_verdict_distinguishes_the_box_from_the_code" time="0.001" /><testcase classname="tests.test_amber" name="test_the_memory_probes_return_something_sane" time="0.001" /><testcase classname="tests.test_amber" name="test_the_ceiling_message_names_the_ceiling_and_the_governor_reading" time="0.018" /></testsuite></testsuites>