<?xml version="1.0" encoding="utf-8"?><testsuites name="pytest tests"><testsuite name="pytest" errors="0" failures="0" skipped="13" tests="351" time="237.160" timestamp="2026-09-13T00:41:56.917624-07:00" hostname="Abe_Computer"><testcase classname="tests.test_cvar" name="test_cvar_is_the_mean_of_the_lower_tail_by_definition[1-0.05]" time="0.002" /><testcase classname="tests.test_cvar" name="test_cvar_is_the_mean_of_the_lower_tail_by_definition[1-0.1]" time="0.001" /><testcase classname="tests.test_cvar" name="test_cvar_is_the_mean_of_the_lower_tail_by_definition[1-0.15]" time="0.001" /><testcase classname="tests.test_cvar" name="test_cvar_is_the_mean_of_the_lower_tail_by_definition[1-0.25]" time="0.002" /><testcase classname="tests.test_cvar" name="test_cvar_is_the_mean_of_the_lower_tail_by_definition[1-0.5]" time="0.001" /><testcase classname="tests.test_cvar" name="test_cvar_is_the_mean_of_the_lower_tail_by_definition[1-0.75]" time="0.001" /><testcase classname="tests.test_cvar" name="test_cvar_is_the_mean_of_the_lower_tail_by_definition[1-1.0]" time="0.001" /><testcase classname="tests.test_cvar" name="test_cvar_is_the_mean_of_the_lower_tail_by_definition[2-0.05]" time="0.001" /><testcase classname="tests.test_cvar" name="test_cvar_is_the_mean_of_the_lower_tail_by_definition[2-0.1]" time="0.001" /><testcase classname="tests.test_cvar" name="test_cvar_is_the_mean_of_the_lower_tail_by_definition[2-0.15]" time="0.001" /><testcase classname="tests.test_cvar" name="test_cvar_is_the_mean_of_the_lower_tail_by_definition[2-0.25]" time="0.001" /><testcase classname="tests.test_cvar" name="test_cvar_is_the_mean_of_the_lower_tail_by_definition[2-0.5]" time="0.002" /><testcase classname="tests.test_cvar" name="test_cvar_is_the_mean_of_the_lower_tail_by_definition[2-0.75]" time="0.002" /><testcase classname="tests.test_cvar" name="test_cvar_is_the_mean_of_the_lower_tail_by_definition[2-1.0]" time="0.001" /><testcase classname="tests.test_cvar" name="test_cvar_is_the_mean_of_the_lower_tail_by_definition[7-0.05]" time="0.002" /><testcase classname="tests.test_cvar" name="test_cvar_is_the_mean_of_the_lower_tail_by_definition[7-0.1]" time="0.001" /><testcase classname="tests.test_cvar" name="test_cvar_is_the_mean_of_the_lower_tail_by_definition[7-0.15]" time="0.001" /><testcase classname="tests.test_cvar" name="test_cvar_is_the_mean_of_the_lower_tail_by_definition[7-0.25]" time="0.001" /><testcase classname="tests.test_cvar" name="test_cvar_is_the_mean_of_the_lower_tail_by_definition[7-0.5]" time="0.001" /><testcase classname="tests.test_cvar" name="test_cvar_is_the_mean_of_the_lower_tail_by_definition[7-0.75]" time="0.002" /><testcase classname="tests.test_cvar" name="test_cvar_is_the_mean_of_the_lower_tail_by_definition[7-1.0]" time="0.002" /><testcase classname="tests.test_cvar" name="test_cvar_is_the_mean_of_the_lower_tail_by_definition[100-0.05]" time="0.001" /><testcase classname="tests.test_cvar" name="test_cvar_is_the_mean_of_the_lower_tail_by_definition[100-0.1]" time="0.001" /><testcase classname="tests.test_cvar" name="test_cvar_is_the_mean_of_the_lower_tail_by_definition[100-0.15]" time="0.001" /><testcase classname="tests.test_cvar" name="test_cvar_is_the_mean_of_the_lower_tail_by_definition[100-0.25]" time="0.001" /><testcase classname="tests.test_cvar" name="test_cvar_is_the_mean_of_the_lower_tail_by_definition[100-0.5]" time="0.001" /><testcase classname="tests.test_cvar" name="test_cvar_is_the_mean_of_the_lower_tail_by_definition[100-0.75]" time="0.001" /><testcase classname="tests.test_cvar" name="test_cvar_is_the_mean_of_the_lower_tail_by_definition[100-1.0]" time="0.001" /><testcase classname="tests.test_cvar" name="test_cvar_is_the_mean_of_the_lower_tail_by_definition[449-0.05]" time="0.001" /><testcase classname="tests.test_cvar" name="test_cvar_is_the_mean_of_the_lower_tail_by_definition[449-0.1]" time="0.001" /><testcase classname="tests.test_cvar" name="test_cvar_is_the_mean_of_the_lower_tail_by_definition[449-0.15]" time="0.001" /><testcase classname="tests.test_cvar" name="test_cvar_is_the_mean_of_the_lower_tail_by_definition[449-0.25]" time="0.001" /><testcase classname="tests.test_cvar" name="test_cvar_is_the_mean_of_the_lower_tail_by_definition[449-0.5]" time="0.001" /><testcase classname="tests.test_cvar" name="test_cvar_is_the_mean_of_the_lower_tail_by_definition[449-0.75]" time="0.001" /><testcase classname="tests.test_cvar" name="test_cvar_is_the_mean_of_the_lower_tail_by_definition[449-1.0]" time="0.003" /><testcase classname="tests.test_cvar" name="test_cvar_is_the_mean_of_the_lower_tail_by_definition[1000-0.05]" time="0.002" /><testcase classname="tests.test_cvar" name="test_cvar_is_the_mean_of_the_lower_tail_by_definition[1000-0.1]" time="0.001" /><testcase classname="tests.test_cvar" name="test_cvar_is_the_mean_of_the_lower_tail_by_definition[1000-0.15]" time="0.001" /><testcase classname="tests.test_cvar" name="test_cvar_is_the_mean_of_the_lower_tail_by_definition[1000-0.25]" time="0.001" /><testcase classname="tests.test_cvar" name="test_cvar_is_the_mean_of_the_lower_tail_by_definition[1000-0.5]" time="0.001" /><testcase classname="tests.test_cvar" name="test_cvar_is_the_mean_of_the_lower_tail_by_definition[1000-0.75]" time="0.001" /><testcase classname="tests.test_cvar" name="test_cvar_is_the_mean_of_the_lower_tail_by_definition[1000-1.0]" time="0.001" /><testcase classname="tests.test_cvar" name="test_cvar_at_alpha_one_is_exactly_the_mean" time="0.001" /><testcase classname="tests.test_cvar" name="test_cvar_never_exceeds_the_mean_and_never_undercuts_the_minimum" time="0.003" /><testcase classname="tests.test_cvar" name="test_cvar_is_monotone_non_decreasing_in_alpha" time="0.001" /><testcase classname="tests.test_cvar" name="test_cvar_descends_to_the_minimum_as_the_tail_narrows" time="0.001" /><testcase classname="tests.test_cvar" name="test_cvar_is_translation_equivariant_and_positively_homogeneous" time="0.001" /><testcase classname="tests.test_cvar" name="test_cvar_of_a_constant_is_that_constant" time="0.001" /><testcase classname="tests.test_cvar" name="test_cvar_selects_the_tail_and_not_the_mean_on_a_hand_worked_case" time="0.001" /><testcase classname="tests.test_cvar" name="test_tail_indices_returns_exactly_k_elements_and_they_are_the_k_lowest[0.05-10]" time="0.001" /><testcase classname="tests.test_cvar" name="test_tail_indices_returns_exactly_k_elements_and_they_are_the_k_lowest[0.05-449]" time="0.001" /><testcase classname="tests.test_cvar" name="test_tail_indices_returns_exactly_k_elements_and_they_are_the_k_lowest[0.05-900]" time="0.001" /><testcase classname="tests.test_cvar" name="test_tail_indices_returns_exactly_k_elements_and_they_are_the_k_lowest[0.2-10]" time="0.001" /><testcase classname="tests.test_cvar" name="test_tail_indices_returns_exactly_k_elements_and_they_are_the_k_lowest[0.2-449]" time="0.001" /><testcase classname="tests.test_cvar" name="test_tail_indices_returns_exactly_k_elements_and_they_are_the_k_lowest[0.2-900]" time="0.001" /><testcase classname="tests.test_cvar" name="test_tail_indices_returns_exactly_k_elements_and_they_are_the_k_lowest[0.5-10]" time="0.001" /><testcase classname="tests.test_cvar" name="test_tail_indices_returns_exactly_k_elements_and_they_are_the_k_lowest[0.5-449]" time="0.001" /><testcase classname="tests.test_cvar" name="test_tail_indices_returns_exactly_k_elements_and_they_are_the_k_lowest[0.5-900]" time="0.001" /><testcase classname="tests.test_cvar" name="test_tail_indices_returns_exactly_k_elements_and_they_are_the_k_lowest[1.0-10]" time="0.001" /><testcase classname="tests.test_cvar" name="test_tail_indices_returns_exactly_k_elements_and_they_are_the_k_lowest[1.0-449]" time="0.001" /><testcase classname="tests.test_cvar" name="test_tail_indices_returns_exactly_k_elements_and_they_are_the_k_lowest[1.0-900]" time="0.001" /><testcase classname="tests.test_cvar" name="test_tail_indices_breaks_ties_by_lowest_index_on_both_branches" time="0.001" /><testcase classname="tests.test_cvar" name="test_tail_indices_mask_is_what_cvar_averages" time="0.001" /><testcase classname="tests.test_cvar" name="test_cvar_entry_points_reject_an_alpha_outside_the_half_open_unit_interval[0.0]" time="0.001" /><testcase classname="tests.test_cvar" name="test_cvar_entry_points_reject_an_alpha_outside_the_half_open_unit_interval[-0.1]" time="0.001" /><testcase classname="tests.test_cvar" name="test_cvar_entry_points_reject_an_alpha_outside_the_half_open_unit_interval[1.0001]" time="0.001" /><testcase classname="tests.test_cvar" name="test_cvar_entry_points_reject_an_alpha_outside_the_half_open_unit_interval[nan]" time="0.001" /><testcase classname="tests.test_cvar" name="test_cvar_entry_points_reject_an_empty_sample" time="0.001" /><testcase classname="tests.test_cvar" name="test_cvar_from_probs_rejects_zero_total_mass" time="0.001" /><testcase classname="tests.test_cvar" name="test_cvar_from_probs_and_from_distribution_are_the_same_quantity" time="0.007" /><testcase classname="tests.test_cvar" name="test_exact_cvar_matches_the_sampled_one_when_the_boundary_does_not_split" time="0.001" /><testcase classname="tests.test_cvar" name="test_exact_cvar_tail_mass_totals_alpha_and_never_exceeds_a_states_own_mass" time="0.003" /><testcase classname="tests.test_cvar" name="test_exact_cvar_puts_all_its_mass_on_the_lowest_states" time="0.001" /><testcase classname="tests.test_cvar" name="test_exact_cvar_splits_the_boundary_state_fractionally" time="0.001" /><testcase classname="tests.test_cvar" name="test_exact_cvar_at_alpha_one_is_the_full_expectation" time="0.001" /><testcase classname="tests.test_cvar" name="test_exact_cvar_normalises_unnormalised_weights" time="0.001" /><testcase classname="tests.test_cvar" name="test_exact_cvar_is_translation_equivariant" time="0.001" /><testcase classname="tests.test_cvar" name="test_exact_cvar_ignores_states_of_zero_probability" time="0.001" /><testcase classname="tests.test_cvar" name="test_alpha_schedule_hits_both_endpoints_exactly" time="0.001" /><testcase classname="tests.test_cvar" name="test_alpha_schedule_is_monotone_decreasing_and_geometric" time="0.001" /><testcase classname="tests.test_cvar" name="test_alpha_schedule_clamps_progress_outside_zero_one" time="0.000" /><testcase classname="tests.test_cvar" name="test_alpha_schedule_stays_a_legal_cvar_level" time="0.001" /><testcase classname="tests.test_cvar" name="test_best_seen_tracker_keeps_the_minimum_and_counts_every_lookup" time="0.001" /><testcase classname="tests.test_cvar" name="test_best_seen_tracker_keeps_the_first_of_equal_energies" time="0.001" /><testcase classname="tests.test_cvar" name="test_all_bitstrings_enumerates_the_register_msb_first" time="0.001" /><testcase classname="tests.test_cvar" name="test_all_bitstrings_refuses_to_become_load_bearing" time="0.001" /><testcase classname="tests.test_cvar" name="test_n_parameters_is_one_rotation_per_wire_per_layer" time="0.001" /><testcase classname="tests.test_cvar" name="test_the_two_sampled_entry_points_never_disagree" time="0.002" /><testcase classname="tests.test_cvar" name="test_cvar_ignores_the_order_its_samples_arrive_in" time="0.001" /><testcase classname="tests.test_cvar" name="test_cvar_survives_the_scale_raw_amber_actually_arrives_at" time="0.001" /><testcase classname="tests.test_data" name="test_the_canonical_alphabet_is_the_one_the_banks_are_written_in" time="0.307" /><testcase classname="tests.test_data" name="test_the_two_alphabets_agree_on_exactly_three_letters" time="0.001" /><testcase classname="tests.test_data" name="test_the_1cek_case_reproduces_exactly" time="0.046" /><testcase classname="tests.test_data" name="test_decode_cannot_be_called_without_naming_an_alphabet" time="0.001" /><testcase classname="tests.test_data" name="test_coded_bank_carries_its_alphabet_and_refuses_a_file_without_one" time="0.024" /><testcase classname="tests.test_data" name="test_encode_matches_the_repositorys_own_encoder" time="0.009" /><testcase classname="tests.test_data" name="test_blosum62_matches_both_hand_retyped_copies" time="0.003" /><testcase classname="tests.test_data" name="test_blosum_similarity_matches_the_loop_it_replaces" time="0.019" /><testcase classname="tests.test_data" name="test_identity_matches_the_legacy_alignment_exactly" time="0.534" /><testcase classname="tests.test_data" name="test_identity_many_is_the_scalar_form_batched" time="3.858" /><testcase classname="tests.test_data" name="test_the_batched_and_scalar_paths_agree_across_the_size_switch" time="0.009" /><testcase classname="tests.test_data" name="test_identity_normalises_by_the_longer_sequence_and_that_is_leaky" time="0.002" /><testcase classname="tests.test_data" name="test_identity_norm_flag_ships_dark_and_the_shorter_form_catches_the_self_copy" time="0.030" /><testcase classname="tests.test_data" name="test_identity_is_symmetric_and_one_on_self" time="0.016" /><testcase classname="tests.test_data" name="test_the_composition_prefilter_is_admissible" time="0.214" /><testcase classname="tests.test_data" name="test_vectorised_prefilter_equals_the_dictionary_form" time="0.064" /><testcase classname="tests.test_data" name="test_holdout_membership_is_identical_to_the_legacy_module" time="0.846" /><testcase classname="tests.test_data" name="test_holdout_removes_the_target_and_everything_above_the_threshold" time="0.356" /><testcase classname="tests.test_data" name="test_clusters_reproduce_the_pinned_assignment" time="0.883" /><testcase classname="tests.test_data" name="test_folds_are_pinned_and_cover_every_sequence" time="0.002" /><testcase classname="tests.test_data" name="test_benchmark_membership_matches_the_manifest" time="0.001" /><testcase classname="tests.test_data" name="test_dev_set_is_cluster_disjoint_from_the_benchmark" time="0.002" /><testcase classname="tests.test_data" name="test_target_sets_match_the_legacy_module" time="3.800" /><testcase classname="tests.test_data" name="test_stable_argsort_reproduces_every_deposited_pool" time="0.276" /><testcase classname="tests.test_data" name="test_windows_are_contiguous_slices_of_their_parents" time="0.001" /><testcase classname="tests.test_data" name="test_windows_carry_their_parents_torsions" time="0.002" /><testcase classname="tests.test_data" name="test_torsion_representation_decodes_identically_to_the_legacy_module" time="0.037" /><testcase classname="tests.test_data" name="test_legacy_library_encoding_is_preserved_bit_for_bit" time="0.005" /><testcase classname="tests.test_data" name="test_lattice_decode_is_identical_and_in_angstroms" time="0.008" /><testcase classname="tests.test_data" name="test_state_zero_is_helical_and_state_one_extended_in_every_library" time="0.001" /><testcase classname="tests.test_data" name="test_batched_decode_matches_the_per_bitstring_form" time="0.002" /><testcase classname="tests.test_data" name="test_key_changes_with_every_parameter_and_with_its_type" time="0.001" /><testcase classname="tests.test_data" name="test_unhashable_parameters_are_refused_rather_than_stringified" time="0.001" /><testcase classname="tests.test_data" name="test_store_and_load_round_trip" time="0.020" /><testcase classname="tests.test_data" name="test_a_key_that_omits_a_parameter_is_caught_not_served" time="0.025" /><testcase classname="tests.test_data" name="test_cached_computes_once_then_serves" time="0.007" /><testcase classname="tests.test_data" name="test_cache_can_be_disabled" time="0.003" /><testcase classname="tests.test_data" name="test_fold_fragments_matches_the_legacy_filter" time="4.846" /><testcase classname="tests.test_data" name="test_prediction_features_still_agree_with_priors" time="0.639" /><testcase classname="tests.test_data" name="test_distogram_predictions_are_identical_end_to_end" time="1.490" /><testcase classname="tests.test_data" name="test_feature_width_never_needs_the_big_esm_bank" time="0.002" /><testcase classname="tests.test_data" name="test_memory_gate_reads_in_process" time="0.001" /><testcase classname="tests.test_energy" name="test_eleven_terms_and_fitted_weights_are_intact" time="0.001" /><testcase classname="tests.test_energy" name="test_sequence_tables_are_identical" time="0.002" /><testcase classname="tests.test_energy" name="test_scalar_energy_components_is_unchanged" time="3.780" /><testcase classname="tests.test_energy" name="test_components_batch_matches_scalar_exactly" time="0.067" /><testcase classname="tests.test_energy" name="test_batched_dssp_matrix_matches_scalar" time="0.012" /><testcase classname="tests.test_energy" name="test_batch_handles_missing_backbone_and_no_torsions" time="0.002" /><testcase classname="tests.test_energy" name="test_batch_rejects_unbatched_input" time="0.001" /><testcase classname="tests.test_energy" name="test_batch_legacy_field_is_carried_over" time="0.487" /><testcase classname="tests.test_energy" name="test_components_batch_is_faster_than_the_scalar_loop" time="0.315" /><testcase classname="tests.test_equivalence" name="test_backend_switch_reports_every_backend" time="0.333" /><testcase classname="tests.test_equivalence" name="test_a_consolidated_backend_is_only_preferred_when_it_is_complete" time="0.001" /><testcase classname="tests.test_equivalence" name="test_forcing_legacy_backends_actually_forces_them" time="3.851" /><testcase classname="tests.test_equivalence" name="test_production_config_is_the_preregistered_workload" time="0.013" /><testcase classname="tests.test_equivalence" name="test_development_modes_are_labelled_and_do_not_reduce_the_science" time="0.001" /><testcase classname="tests.test_equivalence" name="test_smoke_manifests_are_declared_subsets_not_reduced_settings" time="0.004" /><testcase classname="tests.test_equivalence" name="test_the_benchmark_is_refused_without_the_explicit_flag" time="0.271" /><testcase classname="tests.test_equivalence" name="test_vqe_workload_matches_the_recorded_experiment" time="0.002" /><testcase classname="tests.test_equivalence" name="test_everything_up_to_the_projection_is_bit_identical" time="0.000"><skipped type="pytest.skip" message="set VERIFY_SLOW=1 to run the full pipeline arms">C:\Users\abena\Protein-Folding-Algorithm\tests\test_equivalence.py:212: set VERIFY_SLOW=1 to run the full pipeline arms</skipped></testcase><testcase classname="tests.test_equivalence" name="test_the_projection_selects_a_different_degenerate_branch" time="0.000"><skipped type="pytest.skip" message="set VERIFY_SLOW=1 to run the full pipeline arms">C:\Users\abena\Protein-Folding-Algorithm\tests\test_equivalence.py:247: set VERIFY_SLOW=1 to run the full pipeline arms</skipped></testcase><testcase classname="tests.test_equivalence" name="test_no_stage_is_skipped_in_the_consolidated_arm" time="0.000"><skipped type="pytest.skip" message="set VERIFY_SLOW=1 to run the full pipeline arms">C:\Users\abena\Protein-Folding-Algorithm\tests\test_equivalence.py:295: set VERIFY_SLOW=1 to run the full pipeline arms</skipped></testcase><testcase classname="tests.test_equivalence" name="test_the_126_target_instrument_reproduces_the_recorded_constants" time="0.037" /><testcase classname="tests.test_equivalence" name="test_benchmark60_cached_record_reproduces_and_is_not_rerun" time="0.001" /><testcase classname="tests.test_equivalence" name="test_the_two_incumbent_synthesis_numbers_are_different_constructions" time="0.042" /><testcase classname="tests.test_geometry" name="test_ca_rmsd_batch_is_bit_identical_to_protein_geometry" time="0.488" /><testcase classname="tests.test_geometry" name="test_ca_rmsd_batch_reproduces_the_cached_rr_of_every_universe" time="1.443" /><testcase classname="tests.test_geometry" name="test_singular_value_and_explicit_rotation_forms_agree" time="0.356" /><testcase classname="tests.test_geometry" name="test_pool_best_and_shipped_selected_reproduce_the_instrument" time="1.883" /><testcase classname="tests.test_geometry" name="test_ca_rmsd_forbids_reflection" time="0.002" /><testcase classname="tests.test_geometry" name="test_the_residual_forms_noise_floor_at_zero_is_known_and_bounded" time="0.001" /><testcase classname="tests.test_geometry" name="test_weighted_rmsd_reduces_to_the_unweighted_one" time="0.004" /><testcase classname="tests.test_geometry" name="test_rotation_onto_matches_kabsch_superpose_side" time="0.002" /><testcase classname="tests.test_geometry" name="test_pairwise_ca_rmsd_is_symmetric_with_a_zero_diagonal" time="0.001" /><testcase classname="tests.test_geometry" name="test_dihedral_batch_is_exact_against_the_scalar_form" time="0.075" /><testcase classname="tests.test_geometry" name="test_extract_torsions_matches_the_legacy_loop" time="0.220" /><testcase classname="tests.test_geometry" name="test_extract_torsions_batch_matches_the_single_form" time="0.006" /><testcase classname="tests.test_geometry" name="test_batched_backbone_matches_the_scalar_builder" time="0.029" /><testcase classname="tests.test_geometry" name="test_torsion_roundtrip_is_stable" time="0.017" /><testcase classname="tests.test_geometry" name="test_fast_pdb_reader_matches_biopython_bit_for_bit" time="6.389" /><testcase classname="tests.test_geometry" name="test_pdb_cache_returns_what_was_parsed" time="0.071" /><testcase classname="tests.test_geometry" name="test_pdb_access_is_logged" time="0.040" /><testcase classname="tests.test_geometry" name="test_contacts_and_secondary_structure_match_the_legacy_module" time="0.040" /><testcase classname="tests.test_geometry" name="test_ss_agreement_matches_the_scalar_definition" time="0.001" /><testcase classname="tests.test_geometry" name="test_pseudo_angles_match_catrace" time="0.018" /><testcase classname="tests.test_geometry" name="test_catrace_prior_scores_a_mirror_differently" time="0.002" /><testcase classname="tests.test_geometry" name="test_representation_floor_matches_the_legacy_module" time="0.585" /><testcase classname="tests.test_geometry" name="test_project_states_matches_the_legacy_loop" time="0.009" /><testcase classname="tests.test_geometry" name="test_numerics_contract_is_the_canonical_implementation" time="0.011" /><testcase classname="tests.test_instrument" name="test_kabsch_rmsd_of_a_structure_with_itself_is_zero_to_the_floor" time="0.001" /><testcase classname="tests.test_instrument" name="test_kabsch_rmsd_is_invariant_under_rigid_motion_of_either_argument" time="0.001" /><testcase classname="tests.test_instrument" name="test_kabsch_rmsd_is_symmetric_in_its_two_arguments" time="0.001" /><testcase classname="tests.test_instrument" name="test_kabsch_rmsd_refuses_the_reflection" time="0.001" /><testcase classname="tests.test_instrument" name="test_kabsch_rmsd_matches_an_independent_closed_form" time="0.001" /><testcase classname="tests.test_instrument" name="test_kabsch_rmsd_scales_linearly_with_the_structure" time="0.001" /><testcase classname="tests.test_instrument" name="test_kabsch_rmsd_batch_equals_looping_one_at_a_time" time="0.002" /><testcase classname="tests.test_instrument" name="test_ca_rmsd_is_the_single_structure_face_of_the_batch_routine" time="0.001" /><testcase classname="tests.test_instrument" name="test_instrument_kabsch_agrees_with_core_geometry" time="0.001" /><testcase classname="tests.test_instrument" name="test_instrument_pair_index_and_pair_dists_agree_with_core_geometry" time="0.009" /><testcase classname="tests.test_instrument" name="test_superpose_batch_realises_the_rmsd_it_reports" time="0.001" /><testcase classname="tests.test_instrument" name="test_superpose_batch_is_a_rigid_motion" time="0.002" /><testcase classname="tests.test_instrument" name="test_superpose_batch_puts_the_centroid_on_the_targets" time="0.001" /><testcase classname="tests.test_instrument" name="test_pairwise_rmsd_is_symmetric_with_a_zero_diagonal" time="0.002" /><testcase classname="tests.test_instrument" name="test_pairwise_rmsd_is_not_symmetrised_the_way_core_geometry_symmetrises_it" time="0.002" /><testcase classname="tests.test_instrument" name="test_pairwise_rmsd_entries_are_the_batch_routines_entries" time="0.004" /><testcase classname="tests.test_instrument" name="test_medoid_is_the_argmin_of_the_mean_row" time="0.001" /><testcase classname="tests.test_instrument" name="test_medoid_tie_break_is_the_lowest_index_and_that_is_a_documented_hazard" time="0.001" /><testcase classname="tests.test_instrument" name="test_coordinate_average_agrees_with_its_own_documented_recipe" time="0.004" /><testcase classname="tests.test_instrument" name="test_coordinate_average_of_one_structure_is_that_structure" time="0.001" /><testcase classname="tests.test_instrument" name="test_coordinate_average_of_rigid_copies_is_that_structure" time="0.002" /><testcase classname="tests.test_instrument" name="test_coordinate_average_accepts_a_precomputed_distance_matrix" time="0.002" /><testcase classname="tests.test_instrument" name="test_pair_index_respects_min_sep_and_covers_every_admissible_pair" time="0.002" /><testcase classname="tests.test_instrument" name="test_pair_dists_matches_a_brute_force_loop_and_broadcasts" time="0.002" /><testcase classname="tests.test_instrument" name="test_pair_dists_is_invariant_under_rigid_motion" time="0.002" /><testcase classname="tests.test_instrument" name="test_shipped_score_is_the_mean_risk_over_pairs_at_the_looked_up_bin" time="0.001" /><testcase classname="tests.test_instrument" name="test_shipped_score_clamps_out_of_grid_distances_instead_of_wrapping" time="0.002" /><testcase classname="tests.test_instrument" name="test_shipped_score_returns_one_number_per_candidate" time="0.001" /><testcase classname="tests.test_instrument" name="test_paired_reports_the_arithmetic_it_claims_to" time="0.003" /><testcase classname="tests.test_instrument" name="test_paired_se_is_the_one_the_mde_rule_consumes" time="0.002" /><testcase classname="tests.test_instrument" name="test_paired_is_antisymmetric_and_negative_means_a_is_better" time="0.002" /><testcase classname="tests.test_instrument" name="test_paired_is_deterministic_given_the_seed" time="0.010" /><testcase classname="tests.test_instrument" name="test_paired_ci_brackets_the_mean_and_narrows_with_n" time="0.048" /><testcase classname="tests.test_instrument" name="test_paired_reports_the_concentration_diagnostics_the_ledgers_quote" time="0.002" /><testcase classname="tests.test_instrument" name="test_paired_per_fold_means_partition_the_targets" time="0.001" /><testcase classname="tests.test_instrument" name="test_summary_reports_the_fields_the_findings_quote" time="0.001" /><testcase classname="tests.test_instrument" name="test_write_flags_a_partial_result_as_incomplete" time="0.018" /><testcase classname="tests.test_instrument" name="test_write_reads_rows_under_either_documented_key" time="0.013" /><testcase classname="tests.test_instrument" name="test_write_without_n_expected_makes_no_completeness_claim" time="0.008" /><testcase classname="tests.test_instrument" name="test_write_serialises_numpy_without_raising" time="0.004" /><testcase classname="tests.test_instrument" name="test_write_appends_the_json_suffix_exactly_once" time="0.006" /><testcase classname="tests.test_instrument" name="test_the_pinned_constants_are_the_ones_every_finding_assumes" time="0.001" /><testcase classname="tests.test_instrument" name="test_the_alphabet_is_the_canonical_one_and_decode_inverts_core_encode" time="0.001" /><testcase classname="tests.test_integration" name="test_vqe_ansatz_is_a_real_circuit_not_a_classical_shortcut" time="0.018" /><testcase classname="tests.test_integration" name="test_statevector_circuit_matches_a_kron_simulation" time="0.009" /><testcase classname="tests.test_integration" name="test_the_state_is_parameterised_and_entangled" time="0.004" /><testcase classname="tests.test_integration" name="test_cvar_is_the_tail_not_the_mean" time="0.001" /><testcase classname="tests.test_integration" name="test_parameter_shift_equals_independent_finite_differences" time="0.100" /><testcase classname="tests.test_integration" name="test_the_cvar_gradient_baseline_defect_has_not_returned" time="0.005" /><testcase classname="tests.test_integration" name="test_the_shipped_default_baseline_is_the_constant_one" time="0.001" /><testcase classname="tests.test_integration" name="test_the_deployed_vqe_path_uses_the_exact_gradient" time="0.008" /><testcase classname="tests.test_integration" name="test_legacy_is_the_real_eleven_term_field_with_its_fitted_weights" time="0.001" /><testcase classname="tests.test_integration" name="test_legacy_terms_match_the_shipped_module_on_a_real_pool" time="0.001"><skipped type="pytest.skip" message="set VERIFY_SLOW=1 for the OpenMM / pipeline checks">C:\Users\abena\Protein-Folding-Algorithm\tests\test_integration.py:267: set VERIFY_SLOW=1 for the OpenMM / pipeline checks</skipped></testcase><testcase classname="tests.test_integration" name="test_amber_is_real_ff14sb_gbn2_with_the_shipped_parameters" time="0.000"><skipped type="pytest.skip" message="set VERIFY_SLOW=1 for the OpenMM / pipeline checks">C:\Users\abena\Protein-Folding-Algorithm\tests\test_integration.py:287: set VERIFY_SLOW=1 for the OpenMM / pipeline checks</skipped></testcase><testcase classname="tests.test_integration" name="test_the_1a13_native_interaction_energy_is_bit_exact" time="0.000"><skipped type="pytest.skip" message="set VERIFY_SLOW=1 for the OpenMM / pipeline checks">C:\Users\abena\Protein-Folding-Algorithm\tests\test_integration.py:327: set VERIFY_SLOW=1 for the OpenMM / pipeline checks</skipped></testcase><testcase classname="tests.test_integration" name="test_single_point_energy_is_invariant_under_rigid_translation" time="0.000"><skipped type="pytest.skip" message="set VERIFY_SLOW=1 for the OpenMM / pipeline checks">C:\Users\abena\Protein-Folding-Algorithm\tests\test_integration.py:337: set VERIFY_SLOW=1 for the OpenMM / pipeline checks</skipped></testcase><testcase classname="tests.test_integration" name="test_only_the_canonical_alphabet_is_used_to_encode" time="0.001" /><testcase classname="tests.test_integration" name="test_identity_still_normalises_by_the_longer_sequence" time="0.001" /><testcase classname="tests.test_integration" name="test_the_ranking_paths_use_a_stable_argsort" time="0.003" /><testcase classname="tests.test_integration" name="test_batched_contraction_is_alignment_invariant" time="0.002" /><testcase classname="tests.test_integration" name="test_nan_poisoning_the_native_changes_no_deployable_quantity[1CS9]" time="0.001"><skipped type="pytest.skip" message="set VERIFY_SLOW=1 for the OpenMM / pipeline checks">C:\Users\abena\Protein-Folding-Algorithm\tests\test_integration.py:411: set VERIFY_SLOW=1 for the OpenMM / pipeline checks</skipped></testcase><testcase classname="tests.test_integration" name="test_nan_poisoning_the_native_changes_no_deployable_quantity[1CB3]" time="0.001"><skipped type="pytest.skip" message="set VERIFY_SLOW=1 for the OpenMM / pipeline checks">C:\Users\abena\Protein-Folding-Algorithm\tests\test_integration.py:411: set VERIFY_SLOW=1 for the OpenMM / pipeline checks</skipped></testcase><testcase classname="tests.test_integration" name="test_the_same_target_is_bit_identical_across_processes" time="0.000"><skipped type="pytest.skip" message="set VERIFY_SLOW=1 for the OpenMM / pipeline checks">C:\Users\abena\Protein-Folding-Algorithm\tests\test_integration.py:452: set VERIFY_SLOW=1 for the OpenMM / pipeline checks</skipped></testcase><testcase classname="tests.test_integration" name="test_the_result_does_not_depend_on_the_ambient_thread_count" time="0.000"><skipped type="pytest.skip" message="set VERIFY_SLOW=1 for the OpenMM / pipeline checks">C:\Users\abena\Protein-Folding-Algorithm\tests\test_integration.py:461: set VERIFY_SLOW=1 for the OpenMM / pipeline checks</skipped></testcase><testcase classname="tests.test_integration" name="test_cache_keys_discriminate_every_type_json_would_conflate" time="0.001" /><testcase classname="tests.test_integration" name="test_a_key_missing_a_parameter_raises_instead_of_serving_a_stale_array" time="0.025" /><testcase classname="tests.test_integration" name="test_the_projection_gradient_is_in_the_cache_key" time="0.001" /><testcase classname="tests.test_integration" name="test_every_science_parameter_moves_the_config_key" time="0.002" /><testcase classname="tests.test_pipeline" name="test_manifests_are_the_declared_sizes" time="0.006" /><testcase classname="tests.test_pipeline" name="test_manifest_order_is_pinned" time="0.003" /><testcase classname="tests.test_pipeline" name="test_tuning_instrument_is_disjoint_from_the_benchmark" time="0.004" /><testcase classname="tests.test_pipeline" name="test_smoke_manifests_are_declared_development_modes" time="0.010" /><testcase classname="tests.test_pipeline" name="test_every_backend_resolves_and_reports_itself" time="0.001" /><testcase classname="tests.test_pipeline" name="test_a_backend_is_only_preferred_when_it_satisfies_the_whole_contract" time="0.001" /><testcase classname="tests.test_pipeline" name="test_consolidated_data_backend_selects_the_same_targets" time="0.007" /><testcase classname="tests.test_pipeline" name="test_a_live_consolidated_backend_changes_no_number" time="46.447" /><testcase classname="tests.test_pipeline" name="test_subblock_pairwise_matrix_is_bit_identical_to_the_full_one" time="0.087" /><testcase classname="tests.test_pipeline" name="test_library_memo_reproduces_the_reference_window_set_exactly" time="7.367" /><testcase classname="tests.test_pipeline" name="test_retrieval_reproduces_the_reference_pool_bit_for_bit" time="1.336" /><testcase classname="tests.test_pipeline" name="test_reproduces_the_committed_benchmark_synthesis_bit_for_bit" time="12.687" /><testcase classname="tests.test_pipeline" name="test_the_committed_benchmark_report_still_holds_its_reference_numbers" time="0.001" /><testcase classname="tests.test_pipeline" name="test_tuning_instrument_reference_numbers[baseline_tuning126]" time="0.002" /><testcase classname="tests.test_pipeline" name="test_tuning_instrument_reference_numbers[optimised_tuning126_w4]" time="0.003" /><testcase classname="tests.test_pipeline" name="test_tuning_instrument_reference_numbers[optimised_tuning126_w6]" time="0.001"><skipped type="pytest.skip" message="bench_results/optimised_tuning126_w6.json not present -- run the harness first">C:\Users\abena\Protein-Folding-Algorithm\tests\test_pipeline.py:380: bench_results/optimised_tuning126_w6.json not present -- run the harness first</skipped></testcase><testcase classname="tests.test_pipeline" name="test_tuning_instrument_reference_numbers[optimised_tuning126_w8]" time="0.003" /><testcase classname="tests.test_pipeline" name="test_tuning_instrument_reference_numbers[fourcomponent_tuning126_w8]" time="0.009" /><testcase classname="tests.test_pipeline" name="test_the_two_arms_agree_target_by_target" time="0.005" /><testcase classname="tests.test_pipeline" name="test_nan_poisoning_the_native_changes_nothing_deployable" time="20.483" /><testcase classname="tests.test_pipeline" name="test_the_deployable_view_carries_no_native_quantity" time="0.011" /><testcase classname="tests.test_pipeline" name="test_the_cache_key_moves_with_the_science_and_not_with_the_threads" time="0.001" /><testcase classname="tests.test_pipeline" name="test_the_default_configuration_is_the_preregistration" time="0.001" /><testcase classname="tests.test_pipeline" name="test_running_a_target_twice_is_deterministic" time="7.287" /><testcase classname="tests.test_pipeline" name="test_a_resumed_run_returns_the_same_numbers_as_a_cold_one" time="7.894" /><testcase classname="tests.test_pipeline" name="test_worker_count_does_not_change_a_number" time="21.085" /><testcase classname="tests.test_pipeline" name="test_the_dispatch_schedule_covers_the_manifest_exactly_and_keeps_the_memo_key" time="0.003" /><testcase classname="tests.test_pipeline" name="test_the_schedule_cannot_change_a_number" time="22.542" /><testcase classname="tests.test_pipeline" name="test_what_the_reference_float32_round_trip_is_actually_worth" time="6.799" /><testcase classname="tests.test_pipeline" name="test_the_harness_refuses_to_call_a_development_run_a_headline" time="0.002"><skipped type="pytest.skip" message="no smoke result on disk">C:\Users\abena\Protein-Folding-Algorithm\tests\test_pipeline.py:644: no smoke result on disk</skipped></testcase><testcase classname="tests.test_pipeline" name="test_the_harness_records_what_every_timing_was_measured_on" time="0.160" /><testcase classname="tests.test_pipeline" name="test_the_four_components_all_execute_and_reproduce_their_published_numbers" time="0.007" /><testcase classname="tests.test_pipeline" name="test_every_component_is_priced_including_where_it_is_zero" time="0.010" /><testcase classname="tests.test_pipeline" name="test_the_headline_arm_is_like_for_like_with_the_reference" time="0.003" /><testcase classname="tests.test_pipeline" name="test_the_speedup_is_computed_from_two_real_cold_runs" time="0.005" /><testcase classname="tests.test_pipeline" name="test_a_shared_box_disqualifies_a_run_automatically" time="0.003" /><testcase classname="tests.test_pipeline" name="test_the_machine_records_both_inflation_regimes" time="0.004" /><testcase classname="tests.test_project" name="test_scan_builder_reproduces_the_reference_builder" time="0.039" /><testcase classname="tests.test_project" name="test_scan_builder_reproduces_N_and_C_not_only_CA" time="0.004" /><testcase classname="tests.test_project" name="test_hand_written_cross_is_bit_identical_to_numpy" time="0.001" /><testcase classname="tests.test_project" name="test_hand_written_det_agrees_in_sign_with_lapack" time="0.007" /><testcase classname="tests.test_project" name="test_frames_are_rotations_so_the_rotation_axes_are_unit" time="0.001" /><testcase classname="tests.test_project" name="test_analytic_gradient_matches_central_differences" time="0.107" /><testcase classname="tests.test_project" name="test_geometrically_inert_parameters_have_exactly_zero_gradient" time="0.003" /><testcase classname="tests.test_project" name="test_rmsd_matches_the_canonical_kabsch" time="0.002" /><testcase classname="tests.test_project" name="test_weighted_kabsch_reduces_to_the_unweighted_one" time="0.001" /><testcase classname="tests.test_project" name="test_penalty_is_bit_identical_to_the_reference" time="0.063" /><testcase classname="tests.test_project" name="test_hinge_thresholds_are_bit_identical" time="0.001" /><testcase classname="tests.test_project" name="test_the_shipped_objective_is_bit_identical_to_the_reference" time="0.210" /><testcase classname="tests.test_project" name="test_exact_builder_is_bit_identical_to_the_reference_builder" time="0.182" /><testcase classname="tests.test_project" name="test_live_subset_is_bit_identical_end_to_end" time="28.566" /><testcase classname="tests.test_project" name="test_measured_equivalence_of_the_shipped_arm_over_all_126_targets" time="0.006" /><testcase classname="tests.test_project" name="test_measured_exactness_over_all_126_targets" time="0.001" /><testcase classname="tests.test_project" name="test_the_fast_arm_is_priced_not_assumed" time="0.001" /><testcase classname="tests.test_project" name="test_the_reference_does_not_reproduce_itself_either" time="0.001" /><testcase classname="tests.test_project" name="test_the_instrument_numbers_are_reproduced" time="0.001" /><testcase classname="tests.test_project" name="test_the_optimisation_is_actually_faster" time="0.001" /><testcase classname="tests.test_project" name="test_every_emission_is_legal_geometry" time="0.001" /><testcase classname="tests.test_project" name="test_positive_phi_on_the_constrained_non_glycine_set" time="0.001" /><testcase classname="tests.test_project" name="test_every_emission_is_L_handed" time="0.000" /><testcase classname="tests.test_project" name="test_L_signature_detects_a_mirror" time="0.006" /><testcase classname="tests.test_project" name="test_the_starts_are_the_same_four" time="0.001" /><testcase classname="tests.test_project" name="test_the_pinned_constants_are_unchanged" time="0.001" /><testcase classname="tests.test_project" name="test_lam_path_runs_the_declared_number_of_solves" time="3.321" /><testcase classname="tests.test_project" name="test_the_backend_switch_routes_here" time="0.001" /><testcase classname="tests.test_quantum" name="test_cvar_objective_matches_exact_enumeration" time="2.464" /><testcase classname="tests.test_quantum" name="test_cvar_is_the_tail_and_the_boundary_cases_are_right" time="0.001" /><testcase classname="tests.test_quantum" name="test_parameter_shift_matches_exact_finite_differences" time="0.017" /><testcase classname="tests.test_quantum" name="test_finite_difference_reference_is_independent_machinery" time="0.003" /><testcase classname="tests.test_quantum" name="test_cvar_gradient_baseline_is_constant_not_tail_only" time="0.145" /><testcase classname="tests.test_quantum" name="test_shipped_default_baseline_is_the_constant_one" time="0.096" /><testcase classname="tests.test_quantum" name="test_tail_baseline_reproduces_the_shipped_routine_exactly" time="0.170" /><testcase classname="tests.test_quantum" name="test_constant_baseline_does_not_change_the_expectation" time="0.053" /><testcase classname="tests.test_quantum" name="test_sort_and_partition_select_the_same_tail" time="0.058" /><testcase classname="tests.test_quantum" name="test_sort_and_partition_agree_under_heavy_ties" time="0.004" /><testcase classname="tests.test_quantum" name="test_partition_is_actually_used_and_is_cheaper_where_it_is_used" time="0.167" /><testcase classname="tests.test_quantum" name="test_onelayer_ansatz_is_bit_identical_to_shipped" time="0.003" /><testcase classname="tests.test_quantum" name="test_onelayer_entropy_closed_form_matches_explicit_distribution" time="0.001" /><testcase classname="tests.test_quantum" name="test_mps_padded_build_contracts_to_the_shipped_state" time="0.012" /><testcase classname="tests.test_quantum" name="test_mps_logp_matches_legacy_within_the_stated_tolerance" time="0.027" /><testcase classname="tests.test_quantum" name="test_mps_grad_logp_matches_legacy_within_the_stated_tolerance" time="0.049" /><testcase classname="tests.test_quantum" name="test_mps_sampling_is_bit_identical_to_shipped" time="0.012" /><testcase classname="tests.test_quantum" name="test_mps_sampler_reproduces_the_exact_distribution" time="0.388" /><testcase classname="tests.test_quantum" name="test_mps_bond_dimension_is_exact_not_truncated" time="0.001" /><testcase classname="tests.test_quantum" name="test_statevector_probs_bit_identical_to_legacy" time="0.318" /><testcase classname="tests.test_quantum" name="test_statevector_matches_independent_dense_simulation" time="0.009" /><testcase classname="tests.test_quantum" name="test_batched_probs_equals_looping_one_at_a_time" time="0.011" /><testcase classname="tests.test_quantum" name="test_free_energy_and_run_cvar_vqe_match_legacy" time="0.760" /><testcase classname="tests.test_quantum" name="test_pennylane_bound_tape_matches_the_qnode_exactly" time="0.134" /><testcase classname="tests.test_quantum" name="test_pennylane_circuit_matches_the_dense_reference" time="0.003" /><testcase classname="tests.test_quantum" name="test_global_vqe_cvar_helpers_match_shipped" time="0.012" /><testcase classname="tests.test_quantum" name="test_search_trajectory_matches_shipped_driver_on_the_chain_ansatz" time="0.017" /><testcase classname="tests.test_quantum" name="test_search_trajectory_matches_shipped_driver_on_the_mps_ansatz" time="0.414" /><testcase classname="tests.test_quantum" name="test_new_default_baseline_changes_the_search_and_that_is_the_point" time="0.009" /><testcase classname="tests.test_quantum" name="test_reservoir_replay_is_identical_to_sequential_offering" time="0.173" /><testcase classname="tests.test_quantum" name="test_reservoir_and_selection_match_shipped" time="0.013" /><testcase classname="tests.test_quantum" name="test_warm_start_and_marginal_inversion_match_shipped" time="0.057" /><testcase classname="tests.test_quantum" name="test_marginal_inversion_degenerates_identically_to_shipped_at_p_equals_half" time="0.001" /><testcase classname="tests.test_quantum" name="test_the_search_does_not_enumerate" time="0.006" /><testcase classname="tests.test_quantum" name="test_enumeration_helpers_refuse_to_be_load_bearing" time="0.001" /><testcase classname="tests.test_quantum" name="test_cvar_rejects_degenerate_alpha_and_empty_samples" time="0.001" /><testcase classname="tests.test_quantum" name="test_objective_and_hamiltonian_are_the_shipped_classes" time="0.007" /><testcase classname="tests.test_quantum" name="test_geometry_backend_agrees_with_the_root_module" time="0.008" /><testcase classname="tests.test_quantum" name="test_spsa_is_the_shipped_optimiser" time="0.004" /></testsuite></testsuites>