<?xml version="1.0" encoding="utf-8"?><testsuites name="pytest tests"><testsuite name="pytest" errors="0" failures="0" skipped="3" tests="3" time="205.125" timestamp="2026-09-14T00:18:38.651042-07:00" hostname="Abe_Computer"><testcase classname="tests.test_equivalence" name="test_everything_up_to_the_projection_is_bit_identical" time="195.120"><skipped type="pytest.skip" message="could not parse the harness summary">C:\Users\abena\Protein-Folding-Algorithm\tests\test_equivalence.py:79: could not parse the harness summary</skipped></testcase><testcase classname="tests.test_equivalence" name="test_the_projection_selects_a_different_degenerate_branch" time="4.793"><skipped type="pytest.skip" message="could not parse the harness summary">C:\Users\abena\Protein-Folding-Algorithm\tests\test_equivalence.py:79: could not parse the harness summary</skipped></testcase><testcase classname="tests.test_equivalence" name="test_no_stage_is_skipped_in_the_consolidated_arm" time="4.924"><skipped type="pytest.skip" message="could not parse the harness summary">C:\Users\abena\Protein-Folding-Algorithm\tests\test_equivalence.py:79: could not parse the harness summary</skipped></testcase></testsuite></testsuites>