<?xml version="1.0" encoding="utf-8"?><testsuites name="pytest tests"><testsuite name="pytest" errors="0" failures="0" skipped="8" tests="8" time="0.404" timestamp="2026-09-14T00:13:43.817240-07:00" hostname="Abe_Computer"><testcase classname="tests.test_integration" name="test_legacy_terms_match_the_shipped_module_on_a_real_pool" time="0.001"><skipped type="pytest.skip" message="set VERIFY_SLOW=1 for the OpenMM / pipeline checks">C:\Users\abena\Protein-Folding-Algorithm\tests\test_integration.py:267: set VERIFY_SLOW=1 for the OpenMM / pipeline checks</skipped></testcase><testcase classname="tests.test_integration" name="test_amber_is_real_ff14sb_gbn2_with_the_shipped_parameters" time="0.000"><skipped type="pytest.skip" message="set VERIFY_SLOW=1 for the OpenMM / pipeline checks">C:\Users\abena\Protein-Folding-Algorithm\tests\test_integration.py:287: set VERIFY_SLOW=1 for the OpenMM / pipeline checks</skipped></testcase><testcase classname="tests.test_integration" name="test_the_1a13_native_interaction_energy_is_bit_exact" time="0.000"><skipped type="pytest.skip" message="set VERIFY_SLOW=1 for the OpenMM / pipeline checks">C:\Users\abena\Protein-Folding-Algorithm\tests\test_integration.py:327: set VERIFY_SLOW=1 for the OpenMM / pipeline checks</skipped></testcase><testcase classname="tests.test_integration" name="test_single_point_energy_is_invariant_under_rigid_translation" time="0.000"><skipped type="pytest.skip" message="set VERIFY_SLOW=1 for the OpenMM / pipeline checks">C:\Users\abena\Protein-Folding-Algorithm\tests\test_integration.py:337: set VERIFY_SLOW=1 for the OpenMM / pipeline checks</skipped></testcase><testcase classname="tests.test_integration" name="test_nan_poisoning_the_native_changes_no_deployable_quantity[1CS9]" time="0.000"><skipped type="pytest.skip" message="set VERIFY_SLOW=1 for the OpenMM / pipeline checks">C:\Users\abena\Protein-Folding-Algorithm\tests\test_integration.py:411: set VERIFY_SLOW=1 for the OpenMM / pipeline checks</skipped></testcase><testcase classname="tests.test_integration" name="test_nan_poisoning_the_native_changes_no_deployable_quantity[1CB3]" time="0.000"><skipped type="pytest.skip" message="set VERIFY_SLOW=1 for the OpenMM / pipeline checks">C:\Users\abena\Protein-Folding-Algorithm\tests\test_integration.py:411: set VERIFY_SLOW=1 for the OpenMM / pipeline checks</skipped></testcase><testcase classname="tests.test_integration" name="test_the_same_target_is_bit_identical_across_processes" time="0.000"><skipped type="pytest.skip" message="set VERIFY_SLOW=1 for the OpenMM / pipeline checks">C:\Users\abena\Protein-Folding-Algorithm\tests\test_integration.py:452: set VERIFY_SLOW=1 for the OpenMM / pipeline checks</skipped></testcase><testcase classname="tests.test_integration" name="test_the_result_does_not_depend_on_the_ambient_thread_count" time="0.000"><skipped type="pytest.skip" message="set VERIFY_SLOW=1 for the OpenMM / pipeline checks">C:\Users\abena\Protein-Folding-Algorithm\tests\test_integration.py:461: set VERIFY_SLOW=1 for the OpenMM / pipeline checks</skipped></testcase></testsuite></testsuites>