<?xml version="1.0" encoding="utf-8"?><testsuites name="pytest tests"><testsuite name="pytest" errors="0" failures="0" skipped="0" tests="3" time="252.734" timestamp="2026-09-13T00:35:35.207135-07:00" hostname="Abe_Computer"><testcase classname="tests.test_amber_frame_invariance" name="test_amber_relaxation_is_frame_invariant" time="241.461" /><testcase classname="tests.test_amber_frame_invariance" name="test_convergence_gate_is_reported_not_silent" time="10.578" /><testcase classname="tests.test_amber_frame_invariance" name="test_convergence_flags_is_a_pure_function" time="0.001" /></testsuite></testsuites>