<?xml version="1.0" encoding="utf-8"?><testsuites name="pytest tests"><testsuite name="pytest" errors="0" failures="0" skipped="2" tests="79" time="219.470" timestamp="2026-09-13T00:29:59.625692-07:00" hostname="Abe_Computer"><testcase classname="tests.test_pipeline" name="test_manifests_are_the_declared_sizes" time="3.953" /><testcase classname="tests.test_pipeline" name="test_manifest_order_is_pinned" time="0.003" /><testcase classname="tests.test_pipeline" name="test_tuning_instrument_is_disjoint_from_the_benchmark" time="0.006" /><testcase classname="tests.test_pipeline" name="test_smoke_manifests_are_declared_development_modes" time="0.017" /><testcase classname="tests.test_pipeline" name="test_every_backend_resolves_and_reports_itself" time="0.595" /><testcase classname="tests.test_pipeline" name="test_a_backend_is_only_preferred_when_it_satisfies_the_whole_contract" time="0.001" /><testcase classname="tests.test_pipeline" name="test_consolidated_data_backend_selects_the_same_targets" time="0.007" /><testcase classname="tests.test_pipeline" name="test_a_live_consolidated_backend_changes_no_number" time="49.834" /><testcase classname="tests.test_pipeline" name="test_subblock_pairwise_matrix_is_bit_identical_to_the_full_one" time="0.126" /><testcase classname="tests.test_pipeline" name="test_library_memo_reproduces_the_reference_window_set_exactly" time="7.841" /><testcase classname="tests.test_pipeline" name="test_retrieval_reproduces_the_reference_pool_bit_for_bit" time="1.786" /><testcase classname="tests.test_pipeline" name="test_reproduces_the_committed_benchmark_synthesis_bit_for_bit" time="14.952" /><testcase classname="tests.test_pipeline" name="test_the_committed_benchmark_report_still_holds_its_reference_numbers" time="0.001" /><testcase classname="tests.test_pipeline" name="test_tuning_instrument_reference_numbers[baseline_tuning126]" time="0.003" /><testcase classname="tests.test_pipeline" name="test_tuning_instrument_reference_numbers[optimised_tuning126_w4]" time="0.004" /><testcase classname="tests.test_pipeline" name="test_tuning_instrument_reference_numbers[optimised_tuning126_w6]" time="0.001"><skipped type="pytest.skip" message="bench_results/optimised_tuning126_w6.json not present -- run the harness first">C:\Users\abena\Protein-Folding-Algorithm\tests\test_pipeline.py:380: bench_results/optimised_tuning126_w6.json not present -- run the harness first</skipped></testcase><testcase classname="tests.test_pipeline" name="test_tuning_instrument_reference_numbers[optimised_tuning126_w8]" time="0.003" /><testcase classname="tests.test_pipeline" name="test_tuning_instrument_reference_numbers[fourcomponent_tuning126_w8]" time="0.009" /><testcase classname="tests.test_pipeline" name="test_the_two_arms_agree_target_by_target" time="0.005" /><testcase classname="tests.test_pipeline" name="test_nan_poisoning_the_native_changes_nothing_deployable" time="23.007" /><testcase classname="tests.test_pipeline" name="test_the_deployable_view_carries_no_native_quantity" time="0.013" /><testcase classname="tests.test_pipeline" name="test_the_cache_key_moves_with_the_science_and_not_with_the_threads" time="0.002" /><testcase classname="tests.test_pipeline" name="test_the_default_configuration_is_the_preregistration" time="0.001" /><testcase classname="tests.test_pipeline" name="test_running_a_target_twice_is_deterministic" time="8.038" /><testcase classname="tests.test_pipeline" name="test_a_resumed_run_returns_the_same_numbers_as_a_cold_one" time="9.615" /><testcase classname="tests.test_pipeline" name="test_worker_count_does_not_change_a_number" time="25.101" /><testcase classname="tests.test_pipeline" name="test_the_dispatch_schedule_covers_the_manifest_exactly_and_keeps_the_memo_key" time="0.004" /><testcase classname="tests.test_pipeline" name="test_the_schedule_cannot_change_a_number" time="42.433" /><testcase classname="tests.test_pipeline" name="test_what_the_reference_float32_round_trip_is_actually_worth" time="8.587" /><testcase classname="tests.test_pipeline" name="test_the_harness_refuses_to_call_a_development_run_a_headline" time="0.002"><skipped type="pytest.skip" message="no smoke result on disk">C:\Users\abena\Protein-Folding-Algorithm\tests\test_pipeline.py:644: no smoke result on disk</skipped></testcase><testcase classname="tests.test_pipeline" name="test_the_harness_records_what_every_timing_was_measured_on" time="0.033" /><testcase classname="tests.test_pipeline" name="test_the_four_components_all_execute_and_reproduce_their_published_numbers" time="0.010" /><testcase classname="tests.test_pipeline" name="test_every_component_is_priced_including_where_it_is_zero" time="0.010" /><testcase classname="tests.test_pipeline" name="test_the_headline_arm_is_like_for_like_with_the_reference" time="0.005" /><testcase classname="tests.test_pipeline" name="test_the_speedup_is_computed_from_two_real_cold_runs" time="0.007" /><testcase classname="tests.test_pipeline" name="test_a_shared_box_disqualifies_a_run_automatically" time="0.006" /><testcase classname="tests.test_pipeline" name="test_the_machine_records_both_inflation_regimes" time="0.007" /><testcase classname="tests.test_data" name="test_the_canonical_alphabet_is_the_one_the_banks_are_written_in" time="0.589" /><testcase classname="tests.test_data" name="test_the_two_alphabets_agree_on_exactly_three_letters" time="0.001" /><testcase classname="tests.test_data" name="test_the_1cek_case_reproduces_exactly" time="0.049" /><testcase classname="tests.test_data" name="test_decode_cannot_be_called_without_naming_an_alphabet" time="0.001" /><testcase classname="tests.test_data" name="test_coded_bank_carries_its_alphabet_and_refuses_a_file_without_one" time="0.014" /><testcase classname="tests.test_data" name="test_encode_matches_the_repositorys_own_encoder" time="0.001" /><testcase classname="tests.test_data" name="test_blosum62_matches_both_hand_retyped_copies" time="0.003" /><testcase classname="tests.test_data" name="test_blosum_similarity_matches_the_loop_it_replaces" time="0.020" /><testcase classname="tests.test_data" name="test_identity_matches_the_legacy_alignment_exactly" time="0.584" /><testcase classname="tests.test_data" name="test_identity_many_is_the_scalar_form_batched" time="4.423" /><testcase classname="tests.test_data" name="test_the_batched_and_scalar_paths_agree_across_the_size_switch" time="0.011" /><testcase classname="tests.test_data" name="test_identity_normalises_by_the_longer_sequence_and_that_is_leaky" time="0.001" /><testcase classname="tests.test_data" name="test_identity_norm_flag_ships_dark_and_the_shorter_form_catches_the_self_copy" time="0.033" /><testcase classname="tests.test_data" name="test_identity_is_symmetric_and_one_on_self" time="0.019" /><testcase classname="tests.test_data" name="test_the_composition_prefilter_is_admissible" time="0.242" /><testcase classname="tests.test_data" name="test_vectorised_prefilter_equals_the_dictionary_form" time="0.070" /><testcase classname="tests.test_data" name="test_holdout_membership_is_identical_to_the_legacy_module" time="0.905" /><testcase classname="tests.test_data" name="test_holdout_removes_the_target_and_everything_above_the_threshold" time="0.414" /><testcase classname="tests.test_data" name="test_clusters_reproduce_the_pinned_assignment" time="0.946" /><testcase classname="tests.test_data" name="test_folds_are_pinned_and_cover_every_sequence" time="0.003" /><testcase classname="tests.test_data" name="test_benchmark_membership_matches_the_manifest" time="0.001" /><testcase classname="tests.test_data" name="test_dev_set_is_cluster_disjoint_from_the_benchmark" time="0.003" /><testcase classname="tests.test_data" name="test_target_sets_match_the_legacy_module" time="6.443" /><testcase classname="tests.test_data" name="test_stable_argsort_reproduces_every_deposited_pool" time="0.516" /><testcase classname="tests.test_data" name="test_windows_are_contiguous_slices_of_their_parents" time="0.003" /><testcase classname="tests.test_data" name="test_windows_carry_their_parents_torsions" time="0.002" /><testcase classname="tests.test_data" name="test_torsion_representation_decodes_identically_to_the_legacy_module" time="0.072" /><testcase classname="tests.test_data" name="test_legacy_library_encoding_is_preserved_bit_for_bit" time="0.013" /><testcase classname="tests.test_data" name="test_lattice_decode_is_identical_and_in_angstroms" time="0.019" /><testcase classname="tests.test_data" name="test_state_zero_is_helical_and_state_one_extended_in_every_library" time="0.001" /><testcase classname="tests.test_data" name="test_batched_decode_matches_the_per_bitstring_form" time="0.006" /><testcase classname="tests.test_data" name="test_key_changes_with_every_parameter_and_with_its_type" time="0.002" /><testcase classname="tests.test_data" name="test_unhashable_parameters_are_refused_rather_than_stringified" time="0.001" /><testcase classname="tests.test_data" name="test_store_and_load_round_trip" time="0.032" /><testcase classname="tests.test_data" name="test_a_key_that_omits_a_parameter_is_caught_not_served" time="0.028" /><testcase classname="tests.test_data" name="test_cached_computes_once_then_serves" time="0.012" /><testcase classname="tests.test_data" name="test_cache_can_be_disabled" time="0.006" /><testcase classname="tests.test_data" name="test_fold_fragments_matches_the_legacy_filter" time="5.372" /><testcase classname="tests.test_data" name="test_prediction_features_still_agree_with_priors" time="0.641" /><testcase classname="tests.test_data" name="test_distogram_predictions_are_identical_end_to_end" time="1.443" /><testcase classname="tests.test_data" name="test_feature_width_never_needs_the_big_esm_bank" time="0.012" /><testcase classname="tests.test_data" name="test_memory_gate_reads_in_process" time="0.001" /></testsuite></testsuites>