<?xml version="1.0" encoding="utf-8"?><testsuites name="pytest tests"><testsuite name="pytest" errors="0" failures="0" skipped="0" tests="8" time="161.843" timestamp="2026-09-14T01:33:44.464236-07:00" hostname="Abe_Computer"><testcase classname="tests.test_integration" name="test_legacy_terms_match_the_shipped_module_on_a_real_pool" time="6.672" /><testcase classname="tests.test_integration" name="test_amber_is_real_ff14sb_gbn2_with_the_shipped_parameters" time="25.252" /><testcase classname="tests.test_integration" name="test_the_1a13_native_interaction_energy_is_bit_exact" time="8.262" /><testcase classname="tests.test_integration" name="test_single_point_energy_is_invariant_under_rigid_translation" time="0.084" /><testcase classname="tests.test_integration" name="test_nan_poisoning_the_native_changes_no_deployable_quantity[1CS9]" time="40.214" /><testcase classname="tests.test_integration" name="test_nan_poisoning_the_native_changes_no_deployable_quantity[1CB3]" time="17.577" /><testcase classname="tests.test_integration" name="test_the_same_target_is_bit_identical_across_processes" time="31.978" /><testcase classname="tests.test_integration" name="test_the_result_does_not_depend_on_the_ambient_thread_count" time="31.149" /></testsuite></testsuites>